[('3', 60725), ('8', 22691), ('35', 21708), ('9', 19297), ('1', 16573), ('30', 13442), ('33', 12423), ('42', 12050), ('10', 11433), ('34', 10320), ('63', 8537), ('37', 8529), ('36', 8390), ('65', 8370), ('23', 8252), ('81', 8066), ('62', 7596)]
data read 0.317878007889
length 1 17
candidatesize 2 136
total read, total calculate_or_cs 136 272
process done 5.99664306641
[('3', 60725), ('8', 22691), ('35', 21708), ('9', 19297), ('1', 16573), ('30', 13442), ('33', 12423), ('42', 12050), ('10', 11433), ('34', 10320), ('63', 8537), ('37', 8529), ('36', 8390), ('65', 8370), ('23', 8252), ('81', 8066), ('62', 7596)]
data read 0.27809381485
length 1 17
candidatesize 2 136
length 2 29
candidatesize 3 49
total read, total calculate_or_cs 213 370
process done 8.73784899712
[('3', 60725), ('8', 22691), ('35', 21708), ('9', 19297), ('1', 16573), ('30', 13442), ('33', 12423), ('42', 12050), ('10', 11433), ('34', 10320), ('63', 8537), ('37', 8529), ('36', 8390), ('65', 8370), ('23', 8252), ('81', 8066), ('62', 7596)]
data read 0.266844987869
length 1 17
candidatesize 2 136
length 2 68
candidatesize 3 195
length 3 36
candidatesize 4 23
total read, total calculate_or_cs 456 708
process done 17.2021768093
[('3', 60725), ('8', 22691), ('35', 21708), ('9', 19297), ('1', 16573), ('30', 13442), ('33', 12423), ('42', 12050), ('10', 11433), ('34', 10320), ('63', 8537), ('37', 8529), ('36', 8390), ('65', 8370), ('23', 8252), ('81', 8066), ('62', 7596)]
data read 0.286818981171
length 1 17
candidatesize 2 136
length 2 112
candidatesize 3 474
length 3 188
candidatesize 4 269
length 4 43
candidatesize 5 9
total read, total calculate_or_cs 1228 1776
process done 46.8327820301
[('3', 60725), ('8', 22691), ('35', 21708), ('9', 19297), ('1', 16573), ('30', 13442), ('33', 12423), ('42', 12050), ('10', 11433), ('34', 10320), ('63', 8537), ('37', 8529), ('36', 8390), ('65', 8370), ('23', 8252), ('81', 8066), ('62', 7596)]
data read 0.293166875839
length 1 17
candidatesize 2 136
length 2 118
candidatesize 3 542
length 3 441
candidatesize 4 1056
length 4 511
candidatesize 5 451
length 5 99
candidatesize 6 14
total read, total calculate_or_cs 3364 4398
process done 122.883080959
[('3', 60725), ('8', 22691), ('35', 21708), ('9', 19297), ('1', 16573), ('30', 13442), ('33', 12423), ('42', 12050), ('10', 11433), ('34', 10320), ('63', 8537), ('37', 8529), ('36', 8390), ('65', 8370), ('23', 8252), ('81', 8066), ('62', 7596)]
data read 0.283819913864
length 1 17
candidatesize 2 136
length 2 120
candidatesize 3 560
length 3 537
candidatesize 4 1640
length 4 1429
candidatesize 5 2562
length 5 1502
candidatesize 6 1176
length 6 373
candidatesize 7 63
length 7 11
candidatesize 8 0
total read, total calculate_or_cs 10103 12274
process done 383.706478834
[('3', 60725), ('8', 22691), ('35', 21708), ('9', 19297), ('1', 16573), ('30', 13442), ('33', 12423), ('42', 12050), ('10', 11433), ('34', 10320), ('63', 8537), ('37', 8529), ('36', 8390), ('65', 8370), ('23', 8252), ('81', 8066), ('62', 7596)]
data read 0.27373290062
length 1 17
candidatesize 2 136
length 2 122
candidatesize 3 561
length 3 556
candidatesize 4 1796
length 4 1740
candidatesize 5 3954
length 5 3809
candidatesize 6 6036
length 6 4962
candidatesize 7 4636
length 7 2556
candidatesize 8 950
length 8 326
candidatesize 9 14
length 9 1
candidatesize 10 0
total read, total calculate_or_cs 32147 36166
process done 1180.50234199
[('3', 60725), ('8', 22691), ('35', 21708), ('9', 19297), ('1', 16573), ('30', 13442), ('33', 12423), ('42', 12050), ('10', 11433), ('34', 10320), ('63', 8537), ('37', 8529), ('36', 8390), ('65', 8370), ('23', 8252), ('81', 8066), ('62', 7596)]
data read 0.265655994415
length 1 17
candidatesize 2 136
length 2 129
candidatesize 3 596
length 3 567
candidatesize 4 1822
length 4 1822
candidatesize 5 4368
length 5 4343
candidatesize 6 7886
length 6 7632
candidatesize 7 10207
length 7 9922
candidatesize 8 9815
length 8 9428
candidatesize 9 6852
length 9 5456
candidatesize 10 2378
length 10 1349
candidatesize 11 194
length 11 78
candidatesize 12 1
total read, total calculate_or_cs 84971 88510
process done 3006.49128199
[('3', 60725), ('8', 22691), ('35', 21708), ('9', 19297), ('1', 16573), ('30', 13442), ('33', 12423), ('42', 12050), ('10', 11433), ('34', 10320), ('63', 8537), ('37', 8529), ('36', 8390), ('65', 8370), ('23', 8252), ('81', 8066), ('62', 7596)]
data read 0.243003845215
length 1 17
candidatesize 2 136
length 2 136
candidatesize 3 680
length 3 679
candidatesize 4 2374
length 4 2362
candidatesize 5 6081
length 5 6047
candidatesize 6 11786
length 6 11702
candidatesize 7 17377
length 7 17207
candidatesize 8 19274
length 8 18737
candidatesize 9 15506
length 9 14403
candidatesize 10 8869
length 10 8465
candidatesize 11 4386
length 11 4364
candidatesize 12 1806
length 12 1780
candidatesize 13 501
length 13 490
candidatesize 14 72
length 14 71
candidatesize 15 3
length 15 3
candidatesize 16 0
total read, total calculate_or_cs 175283 177702
process done 5319.12164783
[('3', 60725), ('8', 22691), ('35', 21708), ('9', 19297), ('1', 16573), ('30', 13442), ('33', 12423), ('42', 12050), ('10', 11433), ('34', 10320), ('63', 8537), ('37', 8529), ('36', 8390), ('65', 8370), ('23', 8252), ('81', 8066), ('62', 7596)]
data read 0.250109910965
length 1 17
candidatesize 2 136
length 2 122
candidatesize 3 561
length 3 556
candidatesize 4 1796
length 4 1740
candidatesize 5 3954
length 5 3809
candidatesize 6 6036
length 6 4962
candidatesize 7 4636
length 7 2556
candidatesize 8 950
length 8 326
candidatesize 9 14
length 9 1
candidatesize 10 0
total read, total calculate_or_cs 32147 36166
process done 1048.82205606
[('3', 60725), ('8', 22691), ('35', 21708), ('9', 19297), ('1', 16573), ('30', 13442), ('33', 12423), ('42', 12050), ('10', 11433), ('34', 10320), ('63', 8537), ('37', 8529), ('36', 8390), ('65', 8370), ('23', 8252), ('81', 8066), ('62', 7596)]
data read 0.250686168671
length 1 17
candidatesize 2 136
length 2 122
candidatesize 3 561
length 3 556
candidatesize 4 1796
length 4 1740
candidatesize 5 3954
length 5 3809
candidatesize 6 6036
length 6 4962
candidatesize 7 4636
length 7 2556
candidatesize 8 950
length 8 326
candidatesize 9 14
length 9 1
candidatesize 10 0
total read, total calculate_or_cs 32147 36166
process done 1039.44624209
[('3', 60725), ('8', 22691), ('35', 21708), ('9', 19297), ('1', 16573), ('30', 13442), ('33', 12423), ('42', 12050), ('10', 11433), ('34', 10320), ('63', 8537), ('37', 8529), ('36', 8390), ('65', 8370), ('23', 8252), ('81', 8066), ('62', 7596)]
data read 0.244635820389
length 1 17
candidatesize 2 136
length 2 122
candidatesize 3 561
length 3 556
candidatesize 4 1796
length 4 1740
candidatesize 5 3954
length 5 3809
candidatesize 6 6036
length 6 4962
candidatesize 7 4636
length 7 2556
candidatesize 8 950
length 8 326
candidatesize 9 14
length 9 1
candidatesize 10 0
total read, total calculate_or_cs 32147 36166
process done 1077.21141982
[('3', 60725), ('8', 22691), ('35', 21708), ('9', 19297), ('1', 16573), ('30', 13442), ('33', 12423), ('42', 12050), ('10', 11433), ('34', 10320), ('63', 8537), ('37', 8529), ('36', 8390), ('65', 8370), ('23', 8252), ('81', 8066), ('62', 7596)]
data read 0.245254039764
length 1 17
candidatesize 2 136
length 2 122
candidatesize 3 561
length 3 556
candidatesize 4 1796
length 4 1740
candidatesize 5 3954
length 5 3809
candidatesize 6 6036
length 6 4962
candidatesize 7 4636
length 7 2556
candidatesize 8 950
length 8 326
candidatesize 9 14
length 9 1
candidatesize 10 0
total read, total calculate_or_cs 32147 36166
process done 1038.35556197
[('3', 60725), ('8', 22691), ('35', 21708), ('9', 19297), ('1', 16573), ('30', 13442), ('33', 12423), ('42', 12050), ('10', 11433), ('34', 10320), ('63', 8537), ('37', 8529), ('36', 8390), ('65', 8370), ('23', 8252), ('81', 8066), ('62', 7596)]
data read 0.244021177292
length 1 17
candidatesize 2 136
length 2 122
candidatesize 3 561
length 3 556
candidatesize 4 1796
length 4 1740
candidatesize 5 3954
length 5 3809
candidatesize 6 6036
length 6 4962
candidatesize 7 4636
length 7 2556
candidatesize 8 950
length 8 326
candidatesize 9 14
length 9 1
candidatesize 10 0
total read, total calculate_or_cs 32147 36166
process done 1044.05992913
[('3', 60725), ('8', 22691), ('35', 21708), ('9', 19297), ('1', 16573), ('30', 13442), ('33', 12423), ('42', 12050), ('10', 11433), ('34', 10320), ('63', 8537), ('37', 8529), ('36', 8390), ('65', 8370), ('23', 8252), ('81', 8066), ('62', 7596)]
data read 0.243668079376
length 1 17
candidatesize 2 136
length 2 122
candidatesize 3 561
length 3 556
candidatesize 4 1796
length 4 1740
candidatesize 5 3954
length 5 3809
candidatesize 6 6036
length 6 4962
candidatesize 7 4636
length 7 2556
candidatesize 8 950
length 8 326
candidatesize 9 14
length 9 1
candidatesize 10 0
total read, total calculate_or_cs 32147 36166
process done 1042.12172222
[('3', 60725), ('8', 22691), ('35', 21708), ('9', 19297), ('1', 16573), ('30', 13442), ('33', 12423), ('42', 12050), ('10', 11433), ('34', 10320), ('63', 8537), ('37', 8529), ('36', 8390), ('65', 8370), ('23', 8252), ('81', 8066), ('62', 7596)]
data read 0.258134126663
length 1 17
candidatesize 2 136
length 2 122
candidatesize 3 561
length 3 556
candidatesize 4 1796
length 4 1740
candidatesize 5 3954
length 5 3809
candidatesize 6 6036
length 6 4962
candidatesize 7 4636
length 7 2556
candidatesize 8 950
length 8 326
candidatesize 9 14
length 9 1
candidatesize 10 0
total read, total calculate_or_cs 32147 36166
process done 1042.3273921
[('3', 60725), ('8', 22691), ('35', 21708), ('9', 19297), ('1', 16573), ('30', 13442), ('33', 12423), ('42', 12050), ('10', 11433), ('34', 10320), ('63', 8537), ('37', 8529), ('36', 8390), ('65', 8370), ('23', 8252), ('81', 8066), ('62', 7596)]
data read 0.243822813034
length 1 17
candidatesize 2 136
length 2 122
candidatesize 3 561
length 3 556
candidatesize 4 1796
length 4 1740
candidatesize 5 3954
length 5 3809
candidatesize 6 6036
length 6 4962
candidatesize 7 4636
length 7 2556
candidatesize 8 950
length 8 326
candidatesize 9 14
length 9 1
candidatesize 10 0
total read, total calculate_or_cs 32147 36166
process done 1039.81011701
[('3', 60725), ('8', 22691), ('35', 21708), ('9', 19297), ('1', 16573), ('30', 13442), ('33', 12423), ('42', 12050), ('10', 11433), ('34', 10320), ('63', 8537), ('37', 8529), ('36', 8390), ('65', 8370), ('23', 8252), ('81', 8066), ('62', 7596)]
data read 0.243798017502
length 1 17
candidatesize 2 136
length 2 122
candidatesize 3 561
length 3 556
candidatesize 4 1796
length 4 1740
candidatesize 5 3954
length 5 3809
candidatesize 6 6036
length 6 4962
candidatesize 7 4636
length 7 2556
candidatesize 8 950
length 8 326
candidatesize 9 14
length 9 1
candidatesize 10 0
total read, total calculate_or_cs 32147 36166
process done 1040.85350513
[('85', 8124), ('86', 7924), ('34', 7914), ('90', 7488), ('36', 6812), ('39', 5612), ('59', 5176), ('63', 4936), ('24', 4748), ('53', 4608), ('67', 4464), ('76', 4384), ('2', 4208), ('110', 4040), ('93', 3968), ('1', 3916), ('56', 3776), ('3', 3656), ('28', 3528), ('52', 3516), ('23', 3376), ('10', 3244), ('6', 3152), ('116', 3148), ('94', 2776), ('9', 2556), ('38', 2512), ('58', 2480), ('102', 2388), ('61', 2372), ('11', 2320), ('66', 2304), ('13', 2284), ('29', 2160), ('114', 2148), ('99', 1968), ('69', 1872), ('77', 1872), ('98', 1872), ('16', 1840), ('48', 1728), ('111', 1712), ('101', 1632), ('17', 1500), ('43', 1492), ('37', 1312), ('95', 1296), ('107', 1248), ('44', 1202), ('117', 1144), ('54', 1120), ('14', 1072), ('41', 1048), ('15', 1040), ('119', 832), ('7', 828)]
data read 0.101974010468
length 1 56
candidatesize 2 1540
length 2 236
candidatesize 3 621
length 3 183
candidatesize 4 113
length 4 32
candidatesize 5 8
length 5 1
candidatesize 6 0
total read, total calculate_or_cs 2728 4564
process done 13.8960418701
[('85', 8124), ('86', 7924), ('34', 7914), ('90', 7488), ('36', 6812), ('39', 5612), ('59', 5176), ('63', 4936), ('24', 4748), ('53', 4608), ('67', 4464), ('76', 4384), ('2', 4208), ('110', 4040), ('93', 3968), ('1', 3916), ('56', 3776), ('3', 3656), ('28', 3528), ('52', 3516), ('23', 3376), ('10', 3244), ('6', 3152), ('116', 3148), ('94', 2776), ('9', 2556), ('38', 2512), ('58', 2480), ('102', 2388), ('61', 2372), ('11', 2320), ('66', 2304), ('13', 2284), ('29', 2160), ('114', 2148), ('99', 1968), ('69', 1872), ('77', 1872), ('98', 1872), ('16', 1840), ('48', 1728), ('111', 1712), ('101', 1632), ('17', 1500), ('43', 1492), ('37', 1312), ('95', 1296), ('107', 1248), ('44', 1202), ('117', 1144), ('54', 1120), ('14', 1072), ('41', 1048), ('15', 1040), ('119', 832), ('7', 828)]
data read 0.0410039424896
length 1 56
candidatesize 2 1540
length 2 337
candidatesize 3 1295
length 3 388
candidatesize 4 309
length 4 99
candidatesize 5 24
length 5 1
candidatesize 6 0
total read, total calculate_or_cs 3986 6336
process done 20.5106499195
[('85', 8124), ('86', 7924), ('34', 7914), ('90', 7488), ('36', 6812), ('39', 5612), ('59', 5176), ('63', 4936), ('24', 4748), ('53', 4608), ('67', 4464), ('76', 4384), ('2', 4208), ('110', 4040), ('93', 3968), ('1', 3916), ('56', 3776), ('3', 3656), ('28', 3528), ('52', 3516), ('23', 3376), ('10', 3244), ('6', 3152), ('116', 3148), ('94', 2776), ('9', 2556), ('38', 2512), ('58', 2480), ('102', 2388), ('61', 2372), ('11', 2320), ('66', 2304), ('13', 2284), ('29', 2160), ('114', 2148), ('99', 1968), ('69', 1872), ('77', 1872), ('98', 1872), ('16', 1840), ('48', 1728), ('111', 1712), ('101', 1632), ('17', 1500), ('43', 1492), ('37', 1312), ('95', 1296), ('107', 1248), ('44', 1202), ('117', 1144), ('54', 1120), ('14', 1072), ('41', 1048), ('15', 1040), ('119', 832), ('7', 828)]
data read 0.0413410663605
length 1 56
candidatesize 2 1540
length 2 470
candidatesize 3 2436
length 3 938
candidatesize 4 1324
length 4 512
candidatesize 5 223
length 5 61
candidatesize 6 14
length 6 2
candidatesize 7 0
total read, total calculate_or_cs 7512 11074
process done 39.8147859573
[('85', 8124), ('86', 7924), ('34', 7914), ('90', 7488), ('36', 6812), ('39', 5612), ('59', 5176), ('63', 4936), ('24', 4748), ('53', 4608), ('67', 4464), ('76', 4384), ('2', 4208), ('110', 4040), ('93', 3968), ('1', 3916), ('56', 3776), ('3', 3656), ('28', 3528), ('52', 3516), ('23', 3376), ('10', 3244), ('6', 3152), ('116', 3148), ('94', 2776), ('9', 2556), ('38', 2512), ('58', 2480), ('102', 2388), ('61', 2372), ('11', 2320), ('66', 2304), ('13', 2284), ('29', 2160), ('114', 2148), ('99', 1968), ('69', 1872), ('77', 1872), ('98', 1872), ('16', 1840), ('48', 1728), ('111', 1712), ('101', 1632), ('17', 1500), ('43', 1492), ('37', 1312), ('95', 1296), ('107', 1248), ('44', 1202), ('117', 1144), ('54', 1120), ('14', 1072), ('41', 1048), ('15', 1040), ('119', 832), ('7', 828)]
data read 0.0412118434906
length 1 56
candidatesize 2 1540
length 2 648
candidatesize 3 4618
length 3 2212
candidatesize 4 5196
length 4 2461
candidatesize 5 1969
length 5 904
candidatesize 6 320
length 6 120
candidatesize 7 25
length 7 2
candidatesize 8 0
total read, total calculate_or_cs 20009 27336
process done 104.9897089
[('85', 8124), ('86', 7924), ('34', 7914), ('90', 7488), ('36', 6812), ('39', 5612), ('59', 5176), ('63', 4936), ('24', 4748), ('53', 4608), ('67', 4464), ('76', 4384), ('2', 4208), ('110', 4040), ('93', 3968), ('1', 3916), ('56', 3776), ('3', 3656), ('28', 3528), ('52', 3516), ('23', 3376), ('10', 3244), ('6', 3152), ('116', 3148), ('94', 2776), ('9', 2556), ('38', 2512), ('58', 2480), ('102', 2388), ('61', 2372), ('11', 2320), ('66', 2304), ('13', 2284), ('29', 2160), ('114', 2148), ('99', 1968), ('69', 1872), ('77', 1872), ('98', 1872), ('16', 1840), ('48', 1728), ('111', 1712), ('101', 1632), ('17', 1500), ('43', 1492), ('37', 1312), ('95', 1296), ('107', 1248), ('44', 1202), ('117', 1144), ('54', 1120), ('14', 1072), ('41', 1048), ('15', 1040), ('119', 832), ('7', 828)]
data read 0.0417959690094
length 1 56
candidatesize 2 1540
length 2 839
candidatesize 3 8154
length 3 4526
candidatesize 4 16417
length 4 9638
candidatesize 5 14784
length 5 8235
candidatesize 6 5218
length 6 2640
candidatesize 7 739
length 7 269
candidatesize 8 54
length 8 3
candidatesize 9 0
total read, total calculate_or_cs 73049 93812
process done 411.009049892
[('85', 8124), ('86', 7924), ('34', 7914), ('90', 7488), ('36', 6812), ('39', 5612), ('59', 5176), ('63', 4936), ('24', 4748), ('53', 4608), ('67', 4464), ('76', 4384), ('2', 4208), ('110', 4040), ('93', 3968), ('1', 3916), ('56', 3776), ('3', 3656), ('28', 3528), ('52', 3516), ('23', 3376), ('10', 3244), ('6', 3152), ('116', 3148), ('94', 2776), ('9', 2556), ('38', 2512), ('58', 2480), ('102', 2388), ('61', 2372), ('11', 2320), ('66', 2304), ('13', 2284), ('29', 2160), ('114', 2148), ('99', 1968), ('69', 1872), ('77', 1872), ('98', 1872), ('16', 1840), ('48', 1728), ('111', 1712), ('101', 1632), ('17', 1500), ('43', 1492), ('37', 1312), ('95', 1296), ('107', 1248), ('44', 1202), ('117', 1144), ('54', 1120), ('14', 1072), ('41', 1048), ('15', 1040), ('119', 832), ('7', 828)]
data read 0.0419020652771
length 1 56
candidatesize 2 1540
length 2 983
candidatesize 3 11279
length 3 7054
candidatesize 4 34251
length 4 21198
candidatesize 5 46694
length 5 30328
candidatesize 6 33770
length 6 20716
candidatesize 7 12014
length 7 5726
candidatesize 8 1653
length 8 441
candidatesize 9 74
length 9 5
candidatesize 10 0
total read, total calculate_or_cs 227718 282550
process done 1282.38437104
[('85', 8124), ('86', 7924), ('34', 7914), ('90', 7488), ('36', 6812), ('39', 5612), ('59', 5176), ('63', 4936), ('24', 4748), ('53', 4608), ('67', 4464), ('76', 4384), ('2', 4208), ('110', 4040), ('93', 3968), ('1', 3916), ('56', 3776), ('3', 3656), ('28', 3528), ('52', 3516), ('23', 3376), ('10', 3244), ('6', 3152), ('116', 3148), ('94', 2776), ('9', 2556), ('38', 2512), ('58', 2480), ('102', 2388), ('61', 2372), ('11', 2320), ('66', 2304), ('13', 2284), ('29', 2160), ('114', 2148), ('99', 1968), ('69', 1872), ('77', 1872), ('98', 1872), ('16', 1840), ('48', 1728), ('111', 1712), ('101', 1632), ('17', 1500), ('43', 1492), ('37', 1312), ('95', 1296), ('107', 1248), ('44', 1202), ('117', 1144), ('54', 1120), ('14', 1072), ('41', 1048), ('15', 1040), ('119', 832), ('7', 828)]
data read 0.0422909259796
length 1 56
candidatesize 2 1540
length 2 1105
candidatesize 3 14580
length 3 10497
candidatesize 4 67204
length 4 45824
candidatesize 5 146548
length 5 100745
candidatesize 6 173580
length 6 121529
candidatesize 7 118747
length 7 80254
candidatesize 8 45515
length 8 26314
candidatesize 9 9202
length 9 3468
candidatesize 10 798
length 10 102
candidatesize 11 19
length 11 1
candidatesize 12 0
total read, total calculate_or_cs 967562 1155466
process done 5986.63593102
slurmstepd: *** JOB 224666 ON gnode30 CANCELLED AT 2019-04-04T18:23:49 ***
