[('368', 7828), ('529', 7057), ('829', 6810), ('766', 6265), ('722', 5845), ('354', 5835), ('684', 5408), ('217', 5375), ('494', 5102), ('419', 5057), ('692', 4993), ('120', 4973), ('883', 4902), ('937', 4681), ('177', 4629), ('145', 4559), ('438', 4511)]
data read 0.357030153275
length 1 17
candidatesize 2 136
length 2 136
candidatesize 3 680
length 3 676
candidatesize 4 2341
length 4 2230
candidatesize 5 5303
length 5 4438
candidatesize 6 6378
length 6 4554
candidatesize 7 3145
length 7 1054
candidatesize 8 171
length 8 44
candidatesize 9 1
total read, total calculate_or_cs 31280 36310
process done 1556.1981051
[('368', 7828), ('529', 7057), ('829', 6810), ('766', 6265), ('722', 5845), ('354', 5835), ('684', 5408), ('217', 5375), ('494', 5102), ('419', 5057), ('692', 4993), ('120', 4973), ('883', 4902), ('937', 4681), ('177', 4629), ('145', 4559), ('438', 4511)]
data read 0.30449795723
length 1 17
candidatesize 2 136
length 2 136
candidatesize 3 680
length 3 676
candidatesize 4 2341
length 4 2230
candidatesize 5 5303
length 5 4438
candidatesize 6 6378
length 6 4554
candidatesize 7 3145
length 7 1054
candidatesize 8 171
length 8 44
candidatesize 9 1
total read, total calculate_or_cs 31280 36310
process done 1558.92501187
[('368', 7828), ('529', 7057), ('829', 6810), ('766', 6265), ('722', 5845), ('354', 5835), ('684', 5408), ('217', 5375), ('494', 5102), ('419', 5057), ('692', 4993), ('120', 4973), ('883', 4902), ('937', 4681), ('177', 4629), ('145', 4559), ('438', 4511)]
data read 0.315139055252
length 1 17
candidatesize 2 136
length 2 136
candidatesize 3 680
length 3 676
candidatesize 4 2341
length 4 2230
candidatesize 5 5303
length 5 4438
candidatesize 6 6378
length 6 4554
candidatesize 7 3145
length 7 1054
candidatesize 8 171
length 8 44
candidatesize 9 1
total read, total calculate_or_cs 31280 36310
process done 1559.07149911
[('368', 7828), ('529', 7057), ('829', 6810), ('766', 6265), ('722', 5845), ('354', 5835), ('684', 5408), ('217', 5375), ('494', 5102), ('419', 5057), ('692', 4993), ('120', 4973), ('883', 4902), ('937', 4681), ('177', 4629), ('145', 4559), ('438', 4511)]
data read 0.304629087448
length 1 17
candidatesize 2 136
length 2 136
candidatesize 3 680
length 3 676
candidatesize 4 2341
length 4 2230
candidatesize 5 5303
length 5 4438
candidatesize 6 6378
length 6 4554
candidatesize 7 3145
length 7 1054
candidatesize 8 171
length 8 44
candidatesize 9 1
total read, total calculate_or_cs 31280 36310
process done 1557.25079107
[('368', 7828), ('529', 7057), ('829', 6810), ('766', 6265), ('722', 5845), ('354', 5835), ('684', 5408), ('217', 5375), ('494', 5102), ('419', 5057), ('692', 4993), ('120', 4973), ('883', 4902), ('937', 4681), ('177', 4629), ('145', 4559), ('438', 4511)]
data read 0.302971124649
length 1 17
candidatesize 2 136
length 2 136
candidatesize 3 680
length 3 676
candidatesize 4 2341
length 4 2230
candidatesize 5 5303
length 5 4438
candidatesize 6 6378
length 6 4554
candidatesize 7 3145
length 7 1054
candidatesize 8 171
length 8 44
candidatesize 9 1
total read, total calculate_or_cs 31280 36310
process done 1631.448313
[('368', 7828), ('529', 7057), ('829', 6810), ('766', 6265), ('722', 5845), ('354', 5835), ('684', 5408), ('217', 5375), ('494', 5102), ('419', 5057), ('692', 4993), ('120', 4973), ('883', 4902), ('937', 4681), ('177', 4629), ('145', 4559), ('438', 4511)]
data read 0.303814172745
length 1 17
candidatesize 2 136
length 2 136
candidatesize 3 680
length 3 676
candidatesize 4 2341
length 4 2230
candidatesize 5 5303
length 5 4438
candidatesize 6 6378
length 6 4554
candidatesize 7 3145
length 7 1054
candidatesize 8 171
length 8 44
candidatesize 9 1
total read, total calculate_or_cs 31280 36310
process done 1551.99894905
[('368', 7828), ('529', 7057), ('829', 6810), ('766', 6265), ('722', 5845), ('354', 5835), ('684', 5408), ('217', 5375), ('494', 5102), ('419', 5057), ('692', 4993), ('120', 4973), ('883', 4902), ('937', 4681), ('177', 4629), ('145', 4559), ('438', 4511)]
data read 0.301567077637
length 1 17
candidatesize 2 136
length 2 136
candidatesize 3 680
length 3 676
candidatesize 4 2341
length 4 2230
candidatesize 5 5303
length 5 4438
candidatesize 6 6378
length 6 4554
candidatesize 7 3145
length 7 1054
candidatesize 8 171
length 8 44
candidatesize 9 1
total read, total calculate_or_cs 31280 36310
process done 1549.90826011
[('368', 7828), ('529', 7057), ('829', 6810), ('766', 6265), ('722', 5845), ('354', 5835), ('684', 5408), ('217', 5375), ('494', 5102), ('419', 5057), ('692', 4993), ('120', 4973), ('883', 4902), ('937', 4681), ('177', 4629), ('145', 4559), ('438', 4511)]
data read 0.299700975418
length 1 17
candidatesize 2 136
length 2 136
candidatesize 3 680
length 3 676
candidatesize 4 2341
length 4 2230
candidatesize 5 5303
length 5 4438
candidatesize 6 6378
length 6 4554
candidatesize 7 3145
length 7 1054
candidatesize 8 171
length 8 44
candidatesize 9 1
total read, total calculate_or_cs 31280 36310
process done 1568.61852908
[('368', 7828), ('529', 7057), ('829', 6810), ('766', 6265), ('722', 5845), ('354', 5835), ('684', 5408), ('217', 5375), ('494', 5102), ('419', 5057), ('692', 4993), ('120', 4973), ('883', 4902), ('937', 4681), ('177', 4629), ('145', 4559), ('438', 4511)]
data read 0.30277299881
length 1 17
candidatesize 2 136
length 2 136
candidatesize 3 680
length 3 676
candidatesize 4 2341
length 4 2230
candidatesize 5 5303
length 5 4438
candidatesize 6 6378
length 6 4554
candidatesize 7 3145
length 7 1054
candidatesize 8 171
length 8 44
candidatesize 9 1
total read, total calculate_or_cs 31280 36310
process done 1553.13344193
synthetic
