[('3', 60725), ('8', 22691), ('35', 21708), ('9', 19297), ('1', 16573), ('30', 13442), ('33', 12423), ('42', 12050), ('10', 11433), ('34', 10320), ('63', 8537), ('37', 8529), ('36', 8390), ('65', 8370), ('23', 8252), ('81', 8066), ('62', 7596), ('11', 6613), ('92', 6575), ('53', 6444), ('70', 6359), ('172', 6011)]
data read 0.251810789108
length 1 22
candidatesize 2 231
length 2 5
candidatesize 3 0
total read, total calculate_or_cs 235 462
process done 9.4653878212
[('3', 60725), ('8', 22691), ('35', 21708), ('9', 19297), ('1', 16573), ('30', 13442), ('33', 12423), ('42', 12050), ('10', 11433), ('34', 10320), ('63', 8537), ('37', 8529), ('36', 8390), ('65', 8370), ('23', 8252), ('81', 8066), ('62', 7596), ('11', 6613), ('92', 6575), ('53', 6444), ('70', 6359), ('172', 6011)]
data read 0.251817941666
length 1 22
candidatesize 2 231
length 2 81
candidatesize 3 239
length 3 41
candidatesize 4 0
total read, total calculate_or_cs 590 940
process done 21.6763820648
[('3', 60725), ('8', 22691), ('35', 21708), ('9', 19297), ('1', 16573), ('30', 13442), ('33', 12423), ('42', 12050), ('10', 11433), ('34', 10320), ('63', 8537), ('37', 8529), ('36', 8390), ('65', 8370), ('23', 8252), ('81', 8066), ('62', 7596), ('11', 6613), ('92', 6575), ('53', 6444), ('70', 6359), ('172', 6011)]
data read 0.277173995972
length 1 22
candidatesize 2 231
length 2 136
candidatesize 3 587
length 3 273
candidatesize 4 352
length 4 158
candidatesize 5 0
total read, total calculate_or_cs 1734 2340
process done 58.1598958969
[('3', 60725), ('8', 22691), ('35', 21708), ('9', 19297), ('1', 16573), ('30', 13442), ('33', 12423), ('42', 12050), ('10', 11433), ('34', 10320), ('63', 8537), ('37', 8529), ('36', 8390), ('65', 8370), ('23', 8252), ('81', 8066), ('62', 7596), ('11', 6613), ('92', 6575), ('53', 6444), ('70', 6359), ('172', 6011)]
data read 0.257390975952
length 1 22
candidatesize 2 231
length 2 194
candidatesize 3 1084
length 3 628
candidatesize 4 1567
length 4 884
candidatesize 5 737
length 5 423
candidatesize 6 0
total read, total calculate_or_cs 5744 7238
process done 186.582854986
[('3', 60725), ('8', 22691), ('35', 21708), ('9', 19297), ('1', 16573), ('30', 13442), ('33', 12423), ('42', 12050), ('10', 11433), ('34', 10320), ('63', 8537), ('37', 8529), ('36', 8390), ('65', 8370), ('23', 8252), ('81', 8066), ('62', 7596), ('11', 6613), ('92', 6575), ('53', 6444), ('70', 6359), ('172', 6011)]
data read 0.252076864243
length 1 22
candidatesize 2 231
length 2 207
candidatesize 3 1283
length 3 1086
candidatesize 4 3729
length 4 2550
candidatesize 5 4324
length 5 3106
candidatesize 6 2406
length 6 1582
candidatesize 7 175
length 7 159
candidatesize 8 0
total read, total calculate_or_cs 20832 24296
process done 716.471896887
[('3', 60725), ('8', 22691), ('35', 21708), ('9', 19297), ('1', 16573), ('30', 13442), ('33', 12423), ('42', 12050), ('10', 11433), ('34', 10320), ('63', 8537), ('37', 8529), ('36', 8390), ('65', 8370), ('23', 8252), ('81', 8066), ('62', 7596), ('11', 6613), ('92', 6575), ('53', 6444), ('70', 6359), ('172', 6011)]
data read 0.250278949738
length 1 22
candidatesize 2 231
length 2 209
candidatesize 3 1311
length 3 1282
candidatesize 4 5440
length 4 4869
candidatesize 5 12976
length 5 10267
candidatesize 6 14998
length 6 11446
candidatesize 7 8185
length 7 6991
candidatesize 8 2406
length 8 2027
candidatesize 9 120
length 9 118
candidatesize 10 0
total read, total calculate_or_cs 82868 91334
process done 2841.28292203
[('3', 60725), ('8', 22691), ('35', 21708), ('9', 19297), ('1', 16573), ('30', 13442), ('33', 12423), ('42', 12050), ('10', 11433), ('34', 10320), ('63', 8537), ('37', 8529), ('36', 8390), ('65', 8370), ('23', 8252), ('81', 8066), ('62', 7596), ('11', 6613), ('92', 6575), ('53', 6444), ('70', 6359), ('172', 6011)]
data read 0.257121086121
length 1 22
candidatesize 2 231
length 2 211
candidatesize 3 1312
length 3 1307
candidatesize 4 5771
length 4 5702
candidatesize 5 18399
length 5 17828
candidatesize 6 41558
length 6 37307
candidatesize 7 56291
length 7 48356
candidatesize 8 43845
length 8 38809
candidatesize 9 19481
length 9 17764
candidatesize 10 4039
length 10 3895
candidatesize 11 337
length 11 330
candidatesize 12 1
length 12 1
candidatesize 13 0
total read, total calculate_or_cs 362764 382530
process done 13408.0242941
[('3', 60725), ('8', 22691), ('35', 21708), ('9', 19297), ('1', 16573), ('30', 13442), ('33', 12423), ('42', 12050), ('10', 11433), ('34', 10320), ('63', 8537), ('37', 8529), ('36', 8390), ('65', 8370), ('23', 8252), ('81', 8066), ('62', 7596), ('11', 6613), ('92', 6575), ('53', 6444), ('70', 6359), ('172', 6011)]
data read 0.25090098381
length 1 22
candidatesize 2 231
length 2 219
candidatesize 3 1356
length 3 1318
candidatesize 4 5816
length 4 5816
candidatesize 5 19380
length 5 19355
candidatesize 6 50157
length 6 49850
candidatesize 7 101152
length 7 99959
candidatesize 8 157294
length 8 153034
candidatesize 9 179764
length 9 170524
candidatesize 10 138691
length 10 131552
candidatesize 11 69199
length 11 66601
candidatesize 12 20903
length 12 20520
candidatesize 13 3272
length 13 3264
candidatesize 14 187
length 14 187
candidatesize 15 0
total read, total calculate_or_cs 1469588 1494804
process done 58416.091953
[('3', 60725), ('8', 22691), ('35', 21708), ('9', 19297), ('1', 16573), ('30', 13442), ('33', 12423), ('42', 12050), ('10', 11433), ('34', 10320), ('63', 8537), ('37', 8529), ('36', 8390), ('65', 8370), ('23', 8252), ('81', 8066), ('62', 7596), ('11', 6613), ('92', 6575), ('53', 6444), ('70', 6359), ('172', 6011)]
data read 0.257658958435
length 1 22
candidatesize 2 231
length 2 231
candidatesize 3 1540
length 3 1537
candidatesize 4 7267
length 4 7254
candidatesize 5 25789
length 5 25594
candidatesize 6 70134
length 6 68602
candidatesize 7 145277
length 7 140143
candidatesize 8 228105
length 8 222396
candidatesize 9 284494
length 9 279928
candidatesize 10 294796
length 10 293042
candidatesize 11 263845
length 11 263648
candidatesize 12 201601
length 12 201085
candidatesize 13 125865
length 13 124969
candidatesize 14 61268
length 14 60645
candidatesize 15 22324
length 15 22079
candidatesize 16 5861
length 16 5817
candidatesize 17 1033
length 17 1029
candidatesize 18 94
length 18 94
candidatesize 19 3
length 19 3
candidatesize 20 0
total read, total calculate_or_cs 3457605 3479054
process done 150506.408721
[('3', 60725), ('8', 22691), ('35', 21708), ('9', 19297), ('1', 16573), ('30', 13442), ('33', 12423), ('42', 12050), ('10', 11433), ('34', 10320), ('63', 8537), ('37', 8529), ('36', 8390), ('65', 8370), ('23', 8252), ('81', 8066), ('62', 7596), ('11', 6613), ('92', 6575), ('53', 6444), ('70', 6359), ('172', 6011)]
data read 0.258156061172
length 1 22
candidatesize 2 231
length 2 211
candidatesize 3 1312
length 3 1307
candidatesize 4 5771
length 4 5702
candidatesize 5 18399
length 5 17828
candidatesize 6 41558
length 6 37307
candidatesize 7 56291
length 7 48356
candidatesize 8 43845
length 8 38809
candidatesize 9 19481
length 9 17764
candidatesize 10 4039
length 10 3895
candidatesize 11 337
length 11 330
candidatesize 12 1
length 12 1
candidatesize 13 0
total read, total calculate_or_cs 362764 382530
process done 13625.8838432
[('3', 60725), ('8', 22691), ('35', 21708), ('9', 19297), ('1', 16573), ('30', 13442), ('33', 12423), ('42', 12050), ('10', 11433), ('34', 10320), ('63', 8537), ('37', 8529), ('36', 8390), ('65', 8370), ('23', 8252), ('81', 8066), ('62', 7596), ('11', 6613), ('92', 6575), ('53', 6444), ('70', 6359), ('172', 6011)]
data read 0.290811061859
length 1 22
candidatesize 2 231
length 2 211
candidatesize 3 1312
length 3 1307
candidatesize 4 5771
length 4 5702
candidatesize 5 18399
length 5 17828
candidatesize 6 41558
length 6 37307
candidatesize 7 56291
length 7 48356
candidatesize 8 43845
length 8 38809
candidatesize 9 19481
length 9 17764
candidatesize 10 4039
length 10 3895
candidatesize 11 337
length 11 330
candidatesize 12 1
length 12 1
candidatesize 13 0
total read, total calculate_or_cs 362764 382530
process done 14959.028578
[('3', 60725), ('8', 22691), ('35', 21708), ('9', 19297), ('1', 16573), ('30', 13442), ('33', 12423), ('42', 12050), ('10', 11433), ('34', 10320), ('63', 8537), ('37', 8529), ('36', 8390), ('65', 8370), ('23', 8252), ('81', 8066), ('62', 7596), ('11', 6613), ('92', 6575), ('53', 6444), ('70', 6359), ('172', 6011)]
data read 0.243021011353
length 1 22
candidatesize 2 231
length 2 211
candidatesize 3 1312
length 3 1307
candidatesize 4 5771
length 4 5702
candidatesize 5 18399
length 5 17828
candidatesize 6 41558
length 6 37307
candidatesize 7 56291
length 7 48356
candidatesize 8 43845
length 8 38809
candidatesize 9 19481
length 9 17764
candidatesize 10 4039
length 10 3895
candidatesize 11 337
length 11 330
candidatesize 12 1
length 12 1
candidatesize 13 0
total read, total calculate_or_cs 362764 382530
process done 14133.3524129
[('3', 60725), ('8', 22691), ('35', 21708), ('9', 19297), ('1', 16573), ('30', 13442), ('33', 12423), ('42', 12050), ('10', 11433), ('34', 10320), ('63', 8537), ('37', 8529), ('36', 8390), ('65', 8370), ('23', 8252), ('81', 8066), ('62', 7596), ('11', 6613), ('92', 6575), ('53', 6444), ('70', 6359), ('172', 6011)]
data read 0.280726909637
length 1 22
candidatesize 2 231
length 2 211
candidatesize 3 1312
length 3 1307
candidatesize 4 5771
length 4 5702
candidatesize 5 18399
length 5 17828
candidatesize 6 41558
length 6 37307
candidatesize 7 56291
length 7 48356
candidatesize 8 43845
length 8 38809
candidatesize 9 19481
length 9 17764
candidatesize 10 4039
length 10 3895
candidatesize 11 337
length 11 330
candidatesize 12 1
length 12 1
candidatesize 13 0
total read, total calculate_or_cs 362764 382530
process done 14500.236747
[('3', 60725), ('8', 22691), ('35', 21708), ('9', 19297), ('1', 16573), ('30', 13442), ('33', 12423), ('42', 12050), ('10', 11433), ('34', 10320), ('63', 8537), ('37', 8529), ('36', 8390), ('65', 8370), ('23', 8252), ('81', 8066), ('62', 7596), ('11', 6613), ('92', 6575), ('53', 6444), ('70', 6359), ('172', 6011)]
data read 0.293015956879
length 1 22
candidatesize 2 231
length 2 211
candidatesize 3 1312
length 3 1307
candidatesize 4 5771
length 4 5702
candidatesize 5 18399
length 5 17828
candidatesize 6 41558
length 6 37307
candidatesize 7 56291
length 7 48356
candidatesize 8 43845
length 8 38809
candidatesize 9 19481
length 9 17764
candidatesize 10 4039
length 10 3895
candidatesize 11 337
length 11 330
candidatesize 12 1
length 12 1
candidatesize 13 0
total read, total calculate_or_cs 362764 382530
process done 13218.0006771
[('3', 60725), ('8', 22691), ('35', 21708), ('9', 19297), ('1', 16573), ('30', 13442), ('33', 12423), ('42', 12050), ('10', 11433), ('34', 10320), ('63', 8537), ('37', 8529), ('36', 8390), ('65', 8370), ('23', 8252), ('81', 8066), ('62', 7596), ('11', 6613), ('92', 6575), ('53', 6444), ('70', 6359), ('172', 6011)]
data read 0.252397060394
length 1 22
candidatesize 2 231
length 2 211
candidatesize 3 1312
length 3 1307
candidatesize 4 5771
length 4 5702
candidatesize 5 18399
length 5 17828
candidatesize 6 41558
length 6 37307
candidatesize 7 56291
length 7 48356
candidatesize 8 43845
length 8 38809
candidatesize 9 19481
length 9 17764
candidatesize 10 4039
length 10 3895
candidatesize 11 337
length 11 330
candidatesize 12 1
length 12 1
candidatesize 13 0
total read, total calculate_or_cs 362764 382530
process done 14021.161839
[('3', 60725), ('8', 22691), ('35', 21708), ('9', 19297), ('1', 16573), ('30', 13442), ('33', 12423), ('42', 12050), ('10', 11433), ('34', 10320), ('63', 8537), ('37', 8529), ('36', 8390), ('65', 8370), ('23', 8252), ('81', 8066), ('62', 7596), ('11', 6613), ('92', 6575), ('53', 6444), ('70', 6359), ('172', 6011)]
data read 0.282510042191
length 1 22
candidatesize 2 231
length 2 211
candidatesize 3 1312
length 3 1307
candidatesize 4 5771
length 4 5702
candidatesize 5 18399
length 5 17828
candidatesize 6 41558
length 6 37307
candidatesize 7 56291
length 7 48356
candidatesize 8 43845
length 8 38809
candidatesize 9 19481
length 9 17764
candidatesize 10 4039
length 10 3895
candidatesize 11 337
length 11 330
candidatesize 12 1
length 12 1
candidatesize 13 0
total read, total calculate_or_cs 362764 382530
process done 14908.9252419
[('3', 60725), ('8', 22691), ('35', 21708), ('9', 19297), ('1', 16573), ('30', 13442), ('33', 12423), ('42', 12050), ('10', 11433), ('34', 10320), ('63', 8537), ('37', 8529), ('36', 8390), ('65', 8370), ('23', 8252), ('81', 8066), ('62', 7596), ('11', 6613), ('92', 6575), ('53', 6444), ('70', 6359), ('172', 6011)]
data read 0.29208612442
length 1 22
candidatesize 2 231
length 2 211
candidatesize 3 1312
length 3 1307
candidatesize 4 5771
length 4 5702
candidatesize 5 18399
length 5 17828
candidatesize 6 41558
length 6 37307
candidatesize 7 56291
length 7 48356
candidatesize 8 43845
length 8 38809
candidatesize 9 19481
length 9 17764
candidatesize 10 4039
length 10 3895
candidatesize 11 337
length 11 330
candidatesize 12 1
length 12 1
candidatesize 13 0
total read, total calculate_or_cs 362764 382530
process done 14034.016964
slurmstepd: *** JOB 225126 ON gnode16 CANCELLED AT 2019-04-09T10:45:07 DUE TO TIME LIMIT ***
